Running on host node46-002
Time is Wed Dec 14 03:14:45 GMT 2016
Directory is /panfs/panasas01/cosc/ag14774/OpenCL-Lattice-Boltzmann
PBS job ID is 5261774.master.cm.cluster
This jobs runs on the following machines:
node46-002
Using GPU at index 0

Available OpenCL devices:
 0: Tesla K20m (13 compute units)
 1: Tesla K20m (13 compute units)

Selected OpenCL device:
-> Tesla K20m (index=0)

1024x8 workgroups with 1x64 items each
==done==
Reynolds number:		3.376923322678E+00
Elapsed time:			11.697893 (s)
Elapsed user CPU time:		8.339732 (s)
Elapsed system CPU time:	4.578303 (s)

Available OpenCL devices:
 0: Tesla K20m (13 compute units)
 1: Tesla K20m (13 compute units)

Selected OpenCL device:
-> Tesla K20m (index=0)

1024x8 workgroups with 1x64 items each
==done==
Reynolds number:		3.376923322678E+00
Elapsed time:			11.697163 (s)
Elapsed user CPU time:		8.299738 (s)
Elapsed system CPU time:	4.616298 (s)

Available OpenCL devices:
 0: Tesla K20m (13 compute units)
 1: Tesla K20m (13 compute units)

Selected OpenCL device:
-> Tesla K20m (index=0)

1024x8 workgroups with 1x64 items each
==done==
Reynolds number:		3.376923322678E+00
Elapsed time:			11.696289 (s)
Elapsed user CPU time:		8.369727 (s)
Elapsed system CPU time:	4.547308 (s)

Available OpenCL devices:
 0: Tesla K20m (13 compute units)
 1: Tesla K20m (13 compute units)

Selected OpenCL device:
-> Tesla K20m (index=0)

1024x8 workgroups with 1x64 items each
==done==
Reynolds number:		3.376923322678E+00
Elapsed time:			11.697059 (s)
Elapsed user CPU time:		8.373727 (s)
Elapsed system CPU time:	4.549308 (s)

Available OpenCL devices:
 0: Tesla K20m (13 compute units)
 1: Tesla K20m (13 compute units)

Selected OpenCL device:
-> Tesla K20m (index=0)

1024x8 workgroups with 1x64 items each
==done==
Reynolds number:		3.376923322678E+00
Elapsed time:			11.697504 (s)
Elapsed user CPU time:		8.366728 (s)
Elapsed system CPU time:	4.557307 (s)
